2025-04-04 07:03:06.732878 - Received CBT.V508.FILE270.PDS from FILE270.XMI 
2025-04-04 07:03:06.739480 - Found $$$#DATE.txt (text/plain) in CBT.V508.FILE270.PDS, moved to PDS/$$$#DATE
2025-04-04 07:03:06.739622 - Found $$PHONE.txt (text/plain) in CBT.V508.FILE270.PDS, moved to PDS/$$PHONE
2025-04-04 07:03:06.739972 - Found $CHGLOG.txt (text/plain) in CBT.V508.FILE270.PDS, moved to PDS/$CHGLOG
2025-04-04 07:03:06.740112 - Found $DOC.txt (text/plain) in CBT.V508.FILE270.PDS, moved to PDS/$DOC
2025-04-04 07:03:06.740258 - Found $FS3DOC.bin (application/octet-stream) in CBT.V508.FILE270.PDS, moved to PDS/$FS3DOC
2025-04-04 07:03:06.740398 - Found @FILE270.txt (text/plain) in CBT.V508.FILE270.PDS, moved to PDS/@FILE270
2025-04-04 07:03:06.740538 - Found ADMUSP6.txt (text/plain) in CBT.V508.FILE270.PDS, moved to PDS/ADMUSP6
2025-04-04 07:03:06.740676 - Found ADMUSP6B.txt (text/plain) in CBT.V508.FILE270.PDS, moved to PDS/ADMUSP6B
2025-04-04 07:03:06.740807 - Found ADMUSP6O.txt (text/plain) in CBT.V508.FILE270.PDS, moved to PDS/ADMUSP6O
2025-04-04 07:03:06.740982 - Found ALLOCGDG.txt (text/plain) in CBT.V508.FILE270.PDS, moved to PDS/ALLOCGDG
2025-04-04 07:03:06.741190 - Found ALLOCME$.txt (text/plain) in CBT.V508.FILE270.PDS, moved to PDS/ALLOCME$
2025-04-04 07:03:06.741365 - Found ALLOCMEM.txt (text/plain) in CBT.V508.FILE270.PDS, moved to PDS/ALLOCMEM
2025-04-04 07:03:06.741513 - Found BLKING.txt (text/plain) in CBT.V508.FILE270.PDS, moved to PDS/BLKING
2025-04-04 07:03:06.741652 - Found BLKING$.txt (text/plain) in CBT.V508.FILE270.PDS, moved to PDS/BLKING$
2025-04-04 07:03:06.741787 - Found BREAKDSN.txt (text/plain) in CBT.V508.FILE270.PDS, moved to PDS/BREAKDSN
2025-04-04 07:03:06.741906 - Found CALLCIPH.txt (text/plain) in CBT.V508.FILE270.PDS, moved to PDS/CALLCIPH
2025-04-04 07:03:06.742022 - Found CATBYVO#.txt (text/plain) in CBT.V508.FILE270.PDS, moved to PDS/CATBYVO#
2025-04-04 07:03:06.742163 - Found CATBYVOL.jcl (text/plain) in CBT.V508.FILE270.PDS, moved to PDS/CATBYVOL
2025-04-04 07:03:06.742281 - Found CHDSCB$.txt (text/plain) in CBT.V508.FILE270.PDS, moved to PDS/CHDSCB$
2025-04-04 07:03:06.742410 - Found CHKBLOC$.txt (text/plain) in CBT.V508.FILE270.PDS, moved to PDS/CHKBLOC$
2025-04-04 07:03:06.742553 - Found CHKBLOC#.txt (text/plain) in CBT.V508.FILE270.PDS, moved to PDS/CHKBLOC#
2025-04-04 07:03:06.742683 - Found CHKBLOCK.txt (text/plain) in CBT.V508.FILE270.PDS, moved to PDS/CHKBLOCK
2025-04-04 07:03:06.742815 - Found CHKTODAY.txt (text/plain) in CBT.V508.FILE270.PDS, moved to PDS/CHKTODAY
2025-04-04 07:03:06.742933 - Found CHKTODY$.txt (text/plain) in CBT.V508.FILE270.PDS, moved to PDS/CHKTODY$
2025-04-04 07:03:06.743044 - Found CLIB$.txt (text/plain) in CBT.V508.FILE270.PDS, moved to PDS/CLIB$
2025-04-04 07:03:06.743223 - Found CLISTS.txt (text/plain) in CBT.V508.FILE270.PDS, moved to PDS/CLISTS
2025-04-04 07:03:06.743341 - Found CLRSPFI$.txt (text/plain) in CBT.V508.FILE270.PDS, moved to PDS/CLRSPFI$
2025-04-04 07:03:06.743466 - Found CLRSPFIO.txt (text/plain) in CBT.V508.FILE270.PDS, moved to PDS/CLRSPFIO
2025-04-04 07:03:06.743581 - Found CMDOUT$.txt (text/plain) in CBT.V508.FILE270.PDS, moved to PDS/CMDOUT$
2025-04-04 07:03:06.743701 - Found CNTLCRT.txt (text/plain) in CBT.V508.FILE270.PDS, moved to PDS/CNTLCRT
2025-04-04 07:03:06.743818 - Found CNTLCRT$.txt (text/plain) in CBT.V508.FILE270.PDS, moved to PDS/CNTLCRT$
2025-04-04 07:03:06.743946 - Found CNV2GREG.txt (text/plain) in CBT.V508.FILE270.PDS, moved to PDS/CNV2GREG
2025-04-04 07:03:06.744059 - Found COMMAND$.jcl (text/plain) in CBT.V508.FILE270.PDS, moved to PDS/COMMAND$
2025-04-04 07:03:06.744172 - Found COMMANDR.txt (text/plain) in CBT.V508.FILE270.PDS, moved to PDS/COMMANDR
2025-04-04 07:03:06.744283 - Found COMMANRJ.jcl (text/plain) in CBT.V508.FILE270.PDS, moved to PDS/COMMANRJ
2025-04-04 07:03:06.744406 - Found CONCATEM.txt (text/plain) in CBT.V508.FILE270.PDS, moved to PDS/CONCATEM
2025-04-04 07:03:06.744525 - Found CONCATM$.txt (text/plain) in CBT.V508.FILE270.PDS, moved to PDS/CONCATM$
2025-04-04 07:03:06.744653 - Found CONTROL.txt (text/plain) in CBT.V508.FILE270.PDS, moved to PDS/CONTROL
2025-04-04 07:03:06.744793 - Found CONVDATE.txt (text/plain) in CBT.V508.FILE270.PDS, moved to PDS/CONVDATE
2025-04-04 07:03:06.744931 - Found CRY.txt (text/plain) in CBT.V508.FILE270.PDS, moved to PDS/CRY
2025-04-04 07:03:06.745068 - Found CTLGTMS#.jcl (text/plain) in CBT.V508.FILE270.PDS, moved to PDS/CTLGTMS#
2025-04-04 07:03:06.745197 - Found DATASTA$.txt (text/plain) in CBT.V508.FILE270.PDS, moved to PDS/DATASTA$
2025-04-04 07:03:06.745320 - Found DATASTAT.txt (text/plain) in CBT.V508.FILE270.PDS, moved to PDS/DATASTAT
2025-04-04 07:03:06.745466 - Found DATE.txt (text/plain) in CBT.V508.FILE270.PDS, moved to PDS/DATE
2025-04-04 07:03:06.745583 - Found DATECON$.txt (text/plain) in CBT.V508.FILE270.PDS, moved to PDS/DATECON$
2025-04-04 07:03:06.745720 - Found DATECONV.txt (text/plain) in CBT.V508.FILE270.PDS, moved to PDS/DATECONV
2025-04-04 07:03:06.745839 - Found DDNTODS$.txt (text/plain) in CBT.V508.FILE270.PDS, moved to PDS/DDNTODS$
2025-04-04 07:03:06.745977 - Found DDNTODSN.txt (text/plain) in CBT.V508.FILE270.PDS, moved to PDS/DDNTODSN
2025-04-04 07:03:06.746130 - Found DEVTYPE.txt (text/plain) in CBT.V508.FILE270.PDS, moved to PDS/DEVTYPE
2025-04-04 07:03:06.746265 - Found DEVTYPE$.txt (text/plain) in CBT.V508.FILE270.PDS, moved to PDS/DEVTYPE$
2025-04-04 07:03:06.746399 - Found DOCLIB.txt (text/plain) in CBT.V508.FILE270.PDS, moved to PDS/DOCLIB
2025-04-04 07:03:06.746539 - Found DOCSYS$.txt (text/plain) in CBT.V508.FILE270.PDS, moved to PDS/DOCSYS$
2025-04-04 07:03:06.746680 - Found DPSCEDT6.txt (text/plain) in CBT.V508.FILE270.PDS, moved to PDS/DPSCEDT6
2025-04-04 07:03:06.746802 - Found DSNTAB.txt (text/plain) in CBT.V508.FILE270.PDS, moved to PDS/DSNTAB
2025-04-04 07:03:06.746934 - Found DSNTAB$.txt (text/plain) in CBT.V508.FILE270.PDS, moved to PDS/DSNTAB$
2025-04-04 07:03:06.747212 - Found DUMMY.txt (text/plain) in CBT.V508.FILE270.PDS, moved to PDS/DUMMY
2025-04-04 07:03:06.747364 - Found DUMPVOL.jcl (text/plain) in CBT.V508.FILE270.PDS, moved to PDS/DUMPVOL
2025-04-04 07:03:06.747505 - Found DUMPVOL#.jcl (text/plain) in CBT.V508.FILE270.PDS, moved to PDS/DUMPVOL#
2025-04-04 07:03:06.747642 - Found DYNALLC$.txt (text/plain) in CBT.V508.FILE270.PDS, moved to PDS/DYNALLC$
2025-04-04 07:03:06.747800 - Found DYNALLOC.txt (text/plain) in CBT.V508.FILE270.PDS, moved to PDS/DYNALLOC
2025-04-04 07:03:06.747939 - Found EDIT$.txt (text/plain) in CBT.V508.FILE270.PDS, moved to PDS/EDIT$
2025-04-04 07:03:06.748066 - Found ENQ1DSN.txt (text/plain) in CBT.V508.FILE270.PDS, moved to PDS/ENQ1DSN
2025-04-04 07:03:06.748185 - Found ENQ1DSN$.jcl (text/plain) in CBT.V508.FILE270.PDS, moved to PDS/ENQ1DSN$
2025-04-04 07:03:06.748335 - Found ENQ1LOAD.txt (text/plain) in CBT.V508.FILE270.PDS, moved to PDS/ENQ1LOAD
2025-04-04 07:03:06.748482 - Found ENQ1LO1$.jcl (text/plain) in CBT.V508.FILE270.PDS, moved to PDS/ENQ1LO1$
2025-04-04 07:03:06.748626 - Found ENQ2LOAD.txt (text/plain) in CBT.V508.FILE270.PDS, moved to PDS/ENQ2LOAD
2025-04-04 07:03:06.748771 - Found ENQ2LO2$.jcl (text/plain) in CBT.V508.FILE270.PDS, moved to PDS/ENQ2LO2$
2025-04-04 07:03:06.748893 - Found EXPORT.jcl (text/plain) in CBT.V508.FILE270.PDS, moved to PDS/EXPORT
2025-04-04 07:03:06.749043 - Found EXTENTNO.txt (text/plain) in CBT.V508.FILE270.PDS, moved to PDS/EXTENTNO
2025-04-04 07:03:06.749186 - Found FILEATT$.txt (text/plain) in CBT.V508.FILE270.PDS, moved to PDS/FILEATT$
2025-04-04 07:03:06.749327 - Found FILEATTR.txt (text/plain) in CBT.V508.FILE270.PDS, moved to PDS/FILEATTR
2025-04-04 07:03:06.749466 - Found FILEINF$.txt (text/plain) in CBT.V508.FILE270.PDS, moved to PDS/FILEINF$
2025-04-04 07:03:06.749616 - Found FILEINFO.txt (text/plain) in CBT.V508.FILE270.PDS, moved to PDS/FILEINFO
2025-04-04 07:03:06.749737 - Found FILEUSE.txt (text/plain) in CBT.V508.FILE270.PDS, moved to PDS/FILEUSE
2025-04-04 07:03:06.749864 - Found FILEUSE$.txt (text/plain) in CBT.V508.FILE270.PDS, moved to PDS/FILEUSE$
2025-04-04 07:03:06.749984 - Found FILSPAC$.txt (text/plain) in CBT.V508.FILE270.PDS, moved to PDS/FILSPAC$
2025-04-04 07:03:06.750112 - Found FILSPACE.txt (text/plain) in CBT.V508.FILE270.PDS, moved to PDS/FILSPACE
2025-04-04 07:03:06.750240 - Found FINDEM.txt (text/plain) in CBT.V508.FILE270.PDS, moved to PDS/FINDEM
2025-04-04 07:03:06.750356 - Found FINDMEM.txt (text/plain) in CBT.V508.FILE270.PDS, moved to PDS/FINDMEM
2025-04-04 07:03:06.750467 - Found FINDMEM$.txt (text/plain) in CBT.V508.FILE270.PDS, moved to PDS/FINDMEM$
2025-04-04 07:03:06.750582 - Found FINDTTR.txt (text/plain) in CBT.V508.FILE270.PDS, moved to PDS/FINDTTR
2025-04-04 07:03:06.750692 - Found FINDTTR$.txt (text/plain) in CBT.V508.FILE270.PDS, moved to PDS/FINDTTR$
2025-04-04 07:03:06.750803 - Found FIREUP$.txt (text/plain) in CBT.V508.FILE270.PDS, moved to PDS/FIREUP$
2025-04-04 07:03:06.750936 - Found FTL.txt (text/plain) in CBT.V508.FILE270.PDS, moved to PDS/FTL
2025-04-04 07:03:06.751055 - Found FTL$.txt (text/plain) in CBT.V508.FILE270.PDS, moved to PDS/FTL$
2025-04-04 07:03:06.751177 - Found FULLSCR3.txt (text/plain) in CBT.V508.FILE270.PDS, moved to PDS/FULLSCR3
2025-04-04 07:03:06.751293 - Found GETDSCB1.txt (text/plain) in CBT.V508.FILE270.PDS, moved to PDS/GETDSCB1
2025-04-04 07:03:06.751414 - Found GETMY.txt (text/plain) in CBT.V508.FILE270.PDS, moved to PDS/GETMY
2025-04-04 07:03:06.751521 - Found GETMY$.txt (text/plain) in CBT.V508.FILE270.PDS, moved to PDS/GETMY$
2025-04-04 07:03:06.751631 - Found GETSCRN.txt (text/plain) in CBT.V508.FILE270.PDS, moved to PDS/GETSCRN
2025-04-04 07:03:06.751741 - Found HEXTRAN.txt (text/plain) in CBT.V508.FILE270.PDS, moved to PDS/HEXTRAN
2025-04-04 07:03:06.751849 - Found HEXTRAN$.txt (text/plain) in CBT.V508.FILE270.PDS, moved to PDS/HEXTRAN$
2025-04-04 07:03:06.751958 - Found HOSEDWN$.txt (text/plain) in CBT.V508.FILE270.PDS, moved to PDS/HOSEDWN$
2025-04-04 07:03:06.752071 - Found HOTKEYS$.txt (text/plain) in CBT.V508.FILE270.PDS, moved to PDS/HOTKEYS$
2025-04-04 07:03:06.752191 - Found IFALC.txt (text/plain) in CBT.V508.FILE270.PDS, moved to PDS/IFALC
2025-04-04 07:03:06.752313 - Found IFALC$.txt (text/plain) in CBT.V508.FILE270.PDS, moved to PDS/IFALC$
2025-04-04 07:03:06.752426 - Found IFCAT.txt (text/plain) in CBT.V508.FILE270.PDS, moved to PDS/IFCAT
2025-04-04 07:03:06.752556 - Found IFCAT$.txt (text/plain) in CBT.V508.FILE270.PDS, moved to PDS/IFCAT$
2025-04-04 07:03:06.752668 - Found IGC00236.txt (text/plain) in CBT.V508.FILE270.PDS, moved to PDS/IGC00236
2025-04-04 07:03:06.752776 - Found IKJUPDT.txt (text/plain) in CBT.V508.FILE270.PDS, moved to PDS/IKJUPDT
2025-04-04 07:03:06.752882 - Found IMPORT.jcl (text/plain) in CBT.V508.FILE270.PDS, moved to PDS/IMPORT
2025-04-04 07:03:06.752988 - Found INDEX.txt (text/plain) in CBT.V508.FILE270.PDS, moved to PDS/INDEX
2025-04-04 07:03:06.753098 - Found INDEXES.txt (text/plain) in CBT.V508.FILE270.PDS, moved to PDS/INDEXES
2025-04-04 07:03:06.753207 - Found INMRZ01.txt (text/plain) in CBT.V508.FILE270.PDS, moved to PDS/INMRZ01
2025-04-04 07:03:06.753333 - Found INTRDR.txt (text/plain) in CBT.V508.FILE270.PDS, moved to PDS/INTRDR
2025-04-04 07:03:06.753451 - Found ISPCDSN.txt (text/plain) in CBT.V508.FILE270.PDS, moved to PDS/ISPCDSN
2025-04-04 07:03:06.753563 - Found ISPCDSN$.txt (text/plain) in CBT.V508.FILE270.PDS, moved to PDS/ISPCDSN$
2025-04-04 07:03:06.753673 - Found ISPCMDS.bin (application/octet-stream) in CBT.V508.FILE270.PDS, moved to PDS/ISPCMDS
2025-04-04 07:03:06.753798 - Found ITCOMA1.txt (text/plain) in CBT.V508.FILE270.PDS, moved to PDS/ITCOMA1
2025-04-04 07:03:06.753913 - Found IXVTOC.jcl (text/plain) in CBT.V508.FILE270.PDS, moved to PDS/IXVTOC
2025-04-04 07:03:06.754027 - Found JAN86.txt (text/plain) in CBT.V508.FILE270.PDS, moved to PDS/JAN86
2025-04-04 07:03:06.754135 - Found JTOSCON$.txt (text/plain) in CBT.V508.FILE270.PDS, moved to PDS/JTOSCON$
2025-04-04 07:03:06.754253 - Found JTOSCONV.txt (text/plain) in CBT.V508.FILE270.PDS, moved to PDS/JTOSCONV
2025-04-04 07:03:06.754381 - Found KEYEX.txt (text/plain) in CBT.V508.FILE270.PDS, moved to PDS/KEYEX
2025-04-04 07:03:06.754503 - Found KMDPARS.txt (text/plain) in CBT.V508.FILE270.PDS, moved to PDS/KMDPARS
2025-04-04 07:03:06.754632 - Found KOMM.txt (text/plain) in CBT.V508.FILE270.PDS, moved to PDS/KOMM
2025-04-04 07:03:06.754742 - Found KOMM$.txt (text/plain) in CBT.V508.FILE270.PDS, moved to PDS/KOMM$
2025-04-04 07:03:06.754851 - Found LASTLNK$.txt (text/plain) in CBT.V508.FILE270.PDS, moved to PDS/LASTLNK$
2025-04-04 07:03:06.754959 - Found LINKUPDT.txt (text/plain) in CBT.V508.FILE270.PDS, moved to PDS/LINKUPDT
2025-04-04 07:03:06.755070 - Found LISTMEM$.txt (text/plain) in CBT.V508.FILE270.PDS, moved to PDS/LISTMEM$
2025-04-04 07:03:06.755184 - Found LISTMEMS.txt (text/plain) in CBT.V508.FILE270.PDS, moved to PDS/LISTMEMS
2025-04-04 07:03:06.755291 - Found LOADEXTR.txt (text/plain) in CBT.V508.FILE270.PDS, moved to PDS/LOADEXTR
2025-04-04 07:03:06.755403 - Found LOADPRNT.txt (text/plain) in CBT.V508.FILE270.PDS, moved to PDS/LOADPRNT
2025-04-04 07:03:06.755536 - Found LOCATE.txt (text/plain) in CBT.V508.FILE270.PDS, moved to PDS/LOCATE
2025-04-04 07:03:06.755649 - Found LOGKILL$.txt (text/plain) in CBT.V508.FILE270.PDS, moved to PDS/LOGKILL$
2025-04-04 07:03:06.755762 - Found LOGKILLR.txt (text/plain) in CBT.V508.FILE270.PDS, moved to PDS/LOGKILLR
2025-04-04 07:03:06.755906 - Found LPRTQ2.txt (text/plain) in CBT.V508.FILE270.PDS, moved to PDS/LPRTQ2
2025-04-04 07:03:06.756111 - Found MACLIB.txt (text/plain) in CBT.V508.FILE270.PDS, moved to PDS/MACLIB
2025-04-04 07:03:06.756222 - Found MEMSTAT.txt (text/plain) in CBT.V508.FILE270.PDS, moved to PDS/MEMSTAT
2025-04-04 07:03:06.756333 - Found MEMSTAT$.txt (text/plain) in CBT.V508.FILE270.PDS, moved to PDS/MEMSTAT$
2025-04-04 07:03:06.756445 - Found MERGEJCL.jcl (text/plain) in CBT.V508.FILE270.PDS, moved to PDS/MERGEJCL
2025-04-04 07:03:06.756563 - Found MLPALIST.txt (text/plain) in CBT.V508.FILE270.PDS, moved to PDS/MLPALIST
2025-04-04 07:03:06.756710 - Found MODSCR3.txt (text/plain) in CBT.V508.FILE270.PDS, moved to PDS/MODSCR3
2025-04-04 07:03:06.756821 - Found MODTEST.txt (text/plain) in CBT.V508.FILE270.PDS, moved to PDS/MODTEST
2025-04-04 07:03:06.756931 - Found MSGS.txt (text/plain) in CBT.V508.FILE270.PDS, moved to PDS/MSGS
2025-04-04 07:03:06.757057 - Found NEWISPF.txt (text/plain) in CBT.V508.FILE270.PDS, moved to PDS/NEWISPF
2025-04-04 07:03:06.757164 - Found NEWMWILE.txt (text/plain) in CBT.V508.FILE270.PDS, moved to PDS/NEWMWILE
2025-04-04 07:03:06.757273 - Found NEWWAIT.txt (text/plain) in CBT.V508.FILE270.PDS, moved to PDS/NEWWAIT
2025-04-04 07:03:06.757383 - Found NEWWAIT$.txt (text/plain) in CBT.V508.FILE270.PDS, moved to PDS/NEWWAIT$
2025-04-04 07:03:06.757505 - Found NEXTGEN.txt (text/plain) in CBT.V508.FILE270.PDS, moved to PDS/NEXTGEN
2025-04-04 07:03:06.757636 - Found OPERSCAN.txt (text/plain) in CBT.V508.FILE270.PDS, moved to PDS/OPERSCAN
2025-04-04 07:03:06.757750 - Found OSVTOC.jcl (text/plain) in CBT.V508.FILE270.PDS, moved to PDS/OSVTOC
2025-04-04 07:03:06.757865 - Found PACKLIST.txt (text/plain) in CBT.V508.FILE270.PDS, moved to PDS/PACKLIST
2025-04-04 07:03:06.757991 - Found PANELS.txt (text/plain) in CBT.V508.FILE270.PDS, moved to PDS/PANELS
2025-04-04 07:03:06.758113 - Found PARMCNVS.txt (text/plain) in CBT.V508.FILE270.PDS, moved to PDS/PARMCNVS
2025-04-04 07:03:06.758240 - Found PARMLIB.txt (text/plain) in CBT.V508.FILE270.PDS, moved to PDS/PARMLIB
2025-04-04 07:03:06.758352 - Found PASSDEST.txt (text/plain) in CBT.V508.FILE270.PDS, moved to PDS/PASSDEST
2025-04-04 07:03:06.758461 - Found PASSDSCB.txt (text/plain) in CBT.V508.FILE270.PDS, moved to PDS/PASSDSCB
2025-04-04 07:03:06.758566 - Found PFKEYCG$.txt (text/plain) in CBT.V508.FILE270.PDS, moved to PDS/PFKEYCG$
2025-04-04 07:03:06.758695 - Found PFKEYCHG.txt (text/plain) in CBT.V508.FILE270.PDS, moved to PDS/PFKEYCHG
2025-04-04 07:03:06.758809 - Found PFKEYRS$.txt (text/plain) in CBT.V508.FILE270.PDS, moved to PDS/PFKEYRS$
2025-04-04 07:03:06.758920 - Found PFKEYRST.txt (text/plain) in CBT.V508.FILE270.PDS, moved to PDS/PFKEYRST
2025-04-04 07:03:06.759033 - Found PROCLIB.txt (text/plain) in CBT.V508.FILE270.PDS, moved to PDS/PROCLIB
2025-04-04 07:03:06.759144 - Found PROGDQ#.jcl (text/plain) in CBT.V508.FILE270.PDS, moved to PDS/PROGDQ#
2025-04-04 07:03:06.759273 - Found PROGDQUE.txt (text/plain) in CBT.V508.FILE270.PDS, moved to PDS/PROGDQUE
2025-04-04 07:03:06.759385 - Found PSWSAMP.txt (text/plain) in CBT.V508.FILE270.PDS, moved to PDS/PSWSAMP
2025-04-04 07:03:06.759504 - Found QUICK.txt (text/plain) in CBT.V508.FILE270.PDS, moved to PDS/QUICK
2025-04-04 07:03:06.759617 - Found REDIST.jcl (text/plain) in CBT.V508.FILE270.PDS, moved to PDS/REDIST
2025-04-04 07:03:06.759725 - Found REDISTI.jcl (text/plain) in CBT.V508.FILE270.PDS, moved to PDS/REDISTI
2025-04-04 07:03:06.759852 - Found RELSEQ.txt (text/plain) in CBT.V508.FILE270.PDS, moved to PDS/RELSEQ
2025-04-04 07:03:06.759966 - Found REPROEN#.jcl (text/plain) in CBT.V508.FILE270.PDS, moved to PDS/REPROEN#
2025-04-04 07:03:06.760078 - Found REPROENQ.jcl (text/plain) in CBT.V508.FILE270.PDS, moved to PDS/REPROENQ
2025-04-04 07:03:06.760193 - Found RJETRAN$.txt (text/plain) in CBT.V508.FILE270.PDS, moved to PDS/RJETRAN$
2025-04-04 07:03:06.760305 - Found RJETRANS.txt (text/plain) in CBT.V508.FILE270.PDS, moved to PDS/RJETRANS
2025-04-04 07:03:06.760435 - Found RTSO.txt (text/plain) in CBT.V508.FILE270.PDS, moved to PDS/RTSO
2025-04-04 07:03:06.760550 - Found R050A90.txt (text/plain) in CBT.V508.FILE270.PDS, moved to PDS/R050A90
2025-04-04 07:03:06.760662 - Found SCAN4HIT.txt (text/plain) in CBT.V508.FILE270.PDS, moved to PDS/SCAN4HIT
2025-04-04 07:03:06.760770 - Found SCGEN1.txt (text/plain) in CBT.V508.FILE270.PDS, moved to PDS/SCGEN1
2025-04-04 07:03:06.760896 - Found SCXSCAN.txt (text/plain) in CBT.V508.FILE270.PDS, moved to PDS/SCXSCAN
2025-04-04 07:03:06.761007 - Found SCXSCAN$.txt (text/plain) in CBT.V508.FILE270.PDS, moved to PDS/SCXSCAN$
2025-04-04 07:03:06.761116 - Found SERLCON$.txt (text/plain) in CBT.V508.FILE270.PDS, moved to PDS/SERLCON$
2025-04-04 07:03:06.761234 - Found SERLCONV.txt (text/plain) in CBT.V508.FILE270.PDS, moved to PDS/SERLCONV
2025-04-04 07:03:06.761360 - Found SETRC.txt (text/plain) in CBT.V508.FILE270.PDS, moved to PDS/SETRC
2025-04-04 07:03:06.761467 - Found SETRC$.txt (text/plain) in CBT.V508.FILE270.PDS, moved to PDS/SETRC$
2025-04-04 07:03:06.761579 - Found SETVAR.txt (text/plain) in CBT.V508.FILE270.PDS, moved to PDS/SETVAR
2025-04-04 07:03:06.761686 - Found SETVAR#.jcl (text/plain) in CBT.V508.FILE270.PDS, moved to PDS/SETVAR#
2025-04-04 07:03:06.761796 - Found SHOW.txt (text/plain) in CBT.V508.FILE270.PDS, moved to PDS/SHOW
2025-04-04 07:03:06.761915 - Found SHOWFJM.txt (text/plain) in CBT.V508.FILE270.PDS, moved to PDS/SHOWFJM
2025-04-04 07:03:06.762044 - Found SIMLKOMM.txt (text/plain) in CBT.V508.FILE270.PDS, moved to PDS/SIMLKOMM
2025-04-04 07:03:06.762164 - Found SKELS.txt (text/plain) in CBT.V508.FILE270.PDS, moved to PDS/SKELS
2025-04-04 07:03:06.762275 - Found SMF64EX$.txt (text/plain) in CBT.V508.FILE270.PDS, moved to PDS/SMF64EX$
2025-04-04 07:03:06.762394 - Found SMF64EX#.jcl (text/plain) in CBT.V508.FILE270.PDS, moved to PDS/SMF64EX#
2025-04-04 07:03:06.762512 - Found SMF64EXT.txt (text/plain) in CBT.V508.FILE270.PDS, moved to PDS/SMF64EXT
2025-04-04 07:03:06.762623 - Found SMF74MO$.txt (text/plain) in CBT.V508.FILE270.PDS, moved to PDS/SMF74MO$
2025-04-04 07:03:06.762728 - Found SMF74MO#.jcl (text/plain) in CBT.V508.FILE270.PDS, moved to PDS/SMF74MO#
2025-04-04 07:03:06.762850 - Found SMF74MOD.txt (text/plain) in CBT.V508.FILE270.PDS, moved to PDS/SMF74MOD
2025-04-04 07:03:06.762959 - Found SMPEIOF.txt (text/plain) in CBT.V508.FILE270.PDS, moved to PDS/SMPEIOF
2025-04-04 07:03:06.763085 - Found SPACE.txt (text/plain) in CBT.V508.FILE270.PDS, moved to PDS/SPACE
2025-04-04 07:03:06.763198 - Found SPACE$.txt (text/plain) in CBT.V508.FILE270.PDS, moved to PDS/SPACE$
2025-04-04 07:03:06.763312 - Found SPFEXEC.txt (text/plain) in CBT.V508.FILE270.PDS, moved to PDS/SPFEXEC
2025-04-04 07:03:06.763440 - Found SPFPRINT.txt (text/plain) in CBT.V508.FILE270.PDS, moved to PDS/SPFPRINT
2025-04-04 07:03:06.763552 - Found SPFYFND5.txt (text/plain) in CBT.V508.FILE270.PDS, moved to PDS/SPFYFND5
2025-04-04 07:03:06.763665 - Found STACK.txt (text/plain) in CBT.V508.FILE270.PDS, moved to PDS/STACK
2025-04-04 07:03:06.763774 - Found STACK$.txt (text/plain) in CBT.V508.FILE270.PDS, moved to PDS/STACK$
2025-04-04 07:03:06.763886 - Found STOJCON$.txt (text/plain) in CBT.V508.FILE270.PDS, moved to PDS/STOJCON$
2025-04-04 07:03:06.763997 - Found STOJCONV.txt (text/plain) in CBT.V508.FILE270.PDS, moved to PDS/STOJCONV
2025-04-04 07:03:06.764106 - Found SUBEX.txt (text/plain) in CBT.V508.FILE270.PDS, moved to PDS/SUBEX
2025-04-04 07:03:06.764225 - Found SUPRASM.txt (text/plain) in CBT.V508.FILE270.PDS, moved to PDS/SUPRASM
2025-04-04 07:03:06.764337 - Found SUPRJCL.txt (text/plain) in CBT.V508.FILE270.PDS, moved to PDS/SUPRJCL
2025-04-04 07:03:06.764450 - Found SUPRNAM$.txt (text/plain) in CBT.V508.FILE270.PDS, moved to PDS/SUPRNAM$
2025-04-04 07:03:06.764584 - Found SUPRNAME.txt (text/plain) in CBT.V508.FILE270.PDS, moved to PDS/SUPRNAME
2025-04-04 07:03:06.764704 - Found SYSOUT.txt (text/plain) in CBT.V508.FILE270.PDS, moved to PDS/SYSOUT
2025-04-04 07:03:06.764815 - Found SYSOUT$.txt (text/plain) in CBT.V508.FILE270.PDS, moved to PDS/SYSOUT$
2025-04-04 07:03:06.764935 - Found TBLHNDLR.txt (text/plain) in CBT.V508.FILE270.PDS, moved to PDS/TBLHNDLR
2025-04-04 07:03:06.765057 - Found TERMTYP$.txt (text/plain) in CBT.V508.FILE270.PDS, moved to PDS/TERMTYP$
2025-04-04 07:03:06.765178 - Found TERMTYPE.txt (text/plain) in CBT.V508.FILE270.PDS, moved to PDS/TERMTYPE
2025-04-04 07:03:06.765296 - Found TIMECON$.txt (text/plain) in CBT.V508.FILE270.PDS, moved to PDS/TIMECON$
2025-04-04 07:03:06.765420 - Found TIMECOND.jcl (text/plain) in CBT.V508.FILE270.PDS, moved to PDS/TIMECOND
2025-04-04 07:03:06.765532 - Found TIMEDATE.txt (text/plain) in CBT.V508.FILE270.PDS, moved to PDS/TIMEDATE
2025-04-04 07:03:06.765641 - Found TN.txt (text/plain) in CBT.V508.FILE270.PDS, moved to PDS/TN
2025-04-04 07:03:06.765757 - Found TRANS.txt (text/plain) in CBT.V508.FILE270.PDS, moved to PDS/TRANS
2025-04-04 07:03:06.765863 - Found TRNEOF.txt (text/plain) in CBT.V508.FILE270.PDS, moved to PDS/TRNEOF
2025-04-04 07:03:06.765971 - Found TUBE.txt (text/plain) in CBT.V508.FILE270.PDS, moved to PDS/TUBE
2025-04-04 07:03:06.766084 - Found UCBMAP.txt (text/plain) in CBT.V508.FILE270.PDS, moved to PDS/UCBMAP
2025-04-04 07:03:06.766192 - Found UCC7MOD.txt (text/plain) in CBT.V508.FILE270.PDS, moved to PDS/UCC7MOD
2025-04-04 07:03:06.766317 - Found UNCLIB$.txt (text/plain) in CBT.V508.FILE270.PDS, moved to PDS/UNCLIB$
2025-04-04 07:03:06.766445 - Found U3011195.txt (text/plain) in CBT.V508.FILE270.PDS, moved to PDS/U3011195
2025-04-04 07:03:06.766558 - Found U3511195.txt (text/plain) in CBT.V508.FILE270.PDS, moved to PDS/U3511195
2025-04-04 07:03:06.766668 - Found VOL2DEV$.txt (text/plain) in CBT.V508.FILE270.PDS, moved to PDS/VOL2DEV$
2025-04-04 07:03:06.766779 - Found VOL2DEVT.txt (text/plain) in CBT.V508.FILE270.PDS, moved to PDS/VOL2DEVT
2025-04-04 07:03:06.766912 - Found VSAMSCAN.jcl (text/plain) in CBT.V508.FILE270.PDS, moved to PDS/VSAMSCAN
2025-04-04 07:03:06.767019 - Found WATDSN.txt (text/plain) in CBT.V508.FILE270.PDS, moved to PDS/WATDSN
2025-04-04 07:03:06.767125 - Found WATDSN$.txt (text/plain) in CBT.V508.FILE270.PDS, moved to PDS/WATDSN$
2025-04-04 07:03:06.767235 - Found WDPSCXS.txt (text/plain) in CBT.V508.FILE270.PDS, moved to PDS/WDPSCXS
2025-04-04 07:03:06.767358 - Found WHATDDN.txt (text/plain) in CBT.V508.FILE270.PDS, moved to PDS/WHATDDN
2025-04-04 07:03:06.767487 - Found WHATDSN.txt (text/plain) in CBT.V508.FILE270.PDS, moved to PDS/WHATDSN
2025-04-04 07:03:06.767599 - Found WHATDSN$.txt (text/plain) in CBT.V508.FILE270.PDS, moved to PDS/WHATDSN$
2025-04-04 07:03:06.767723 - Found WTOPARM.txt (text/plain) in CBT.V508.FILE270.PDS, moved to PDS/WTOPARM
2025-04-04 07:03:06.767833 - Found WTOPARM$.txt (text/plain) in CBT.V508.FILE270.PDS, moved to PDS/WTOPARM$
2025-04-04 07:03:06.767939 - Found WTORCON$.txt (text/plain) in CBT.V508.FILE270.PDS, moved to PDS/WTORCON$
2025-04-04 07:03:06.768045 - Found WTORCOND.jcl (text/plain) in CBT.V508.FILE270.PDS, moved to PDS/WTORCOND
2025-04-04 07:03:06.768179 - Found XEQ.txt (text/plain) in CBT.V508.FILE270.PDS, moved to PDS/XEQ
2025-04-04 07:03:06.768301 - Found XJ22SHOW.txt (text/plain) in CBT.V508.FILE270.PDS, moved to PDS/XJ22SHOW
